<?xml version="1.0" encoding="UTF-8" standalone="no"?>
<testsuite failures="0" tests="2">
<testcase classname="Test HomePage" name="Search a product and add the product in the user basket" time="17.198659">
<system-out><![CDATA[Given Click on cart icon..........................................................passed
Given User search for Samsung Mobiles....................................................passed
When Add the Mobile that appears in the search result to the basket.....................................passed
Then User basket should display with added item...............................................passed
]]></system-out>
</testcase>
<testcase classname="Test HomePage" name="Check for cart, it should display an item" time="12.478172">
<system-out><![CDATA[Given Click on cart icon..........................................................passed
Given Added item should be displayed in the cart..............................................passed
]]></system-out>
</testcase>
</testsuite>
