<?xml version="1.0" encoding="UTF-8" standalone="no"?>
<testsuite failures="0" tests="2">
<testcase classname="User Login on Flipkart Page" name="Login with Multiple user" time="6.032338">
<system-out><![CDATA[Given Enter the username "7373647396" and password "vikram22", then hit Enter................................passed
]]></system-out>
</testcase>
<testcase classname="User Login on Flipkart Page" name="Login with Multiple user" time="5.748208">
<system-out><![CDATA[Given Enter the username "9940067532" and password "Qsty", then hit Enter..................................passed
]]></system-out>
</testcase>
</testsuite>
